--- Startup times for process: Primary (or UI client) ---

times in msec
 clock   self+sourced   self:  sourced script
 clock   elapsed:              other lines

000.001  000.001: --- NVIM STARTING ---
000.156  000.155: event init
000.343  000.187: early init
001.124  000.781: locale set
001.205  000.080: init first window
002.073  000.868: inits 1
002.114  000.041: window checked
002.124  000.011: parsing arguments
003.119  000.096  000.096: require('vim.shared')
003.298  000.072  000.072: require('vim.inspect')
003.389  000.074  000.074: require('vim._options')
003.393  000.268  000.122: require('vim._editor')
003.396  000.434  000.070: require('vim._init_packages')
003.399  000.842: init lua interpreter
006.217  002.817: expanding arguments
006.276  000.059: inits 2
006.797  000.521: init highlight
006.866  000.069: clear screen
007.188  000.030  000.030: require('vim.keymap')
009.151  000.356  000.356: sourcing nvim_exec2()
009.406  002.532  002.145: require('vim._defaults')
009.410  000.013: init default mappings & autocommands
010.984  000.145  000.145: sourcing /usr/local/Cellar/neovim/0.11.3/share/nvim/runtime/ftplugin.vim
011.224  000.067  000.067: sourcing /usr/local/Cellar/neovim/0.11.3/share/nvim/runtime/indent.vim
013.078  001.197  001.197: require('lazy')
013.517  000.024  000.024: require('ffi')
013.617  000.062  000.062: require('vim.fs')
014.016  000.393  000.393: require('vim.uri')
014.059  000.535  000.080: require('vim.loader')
014.578  000.465  000.465: require('lazy.stats')
015.114  000.433  000.433: require('lazy.core.util')
015.647  000.527  000.527: require('lazy.core.config')
016.692  000.493  000.493: require('lazy.core.handler')
017.682  000.323  000.323: require('lazy.pkg')
017.697  000.647  000.324: require('lazy.core.meta')
017.711  001.011  000.364: require('lazy.core.plugin')
017.729  002.075  000.571: require('lazy.core.loader')
019.495  000.495  000.495: require('lazy.async')
020.948  000.847  000.847: require('lazy.manage.process')
021.368  000.412  000.412: require('lazy.terminal')
021.392  001.888  000.629: require('lazy.manage.task')
021.399  002.749  000.367: require('lazy.manage.runner')
021.407  003.071  000.322: require('lazy.manage')
021.414  003.421  000.350: require('lazy.view.commands')
021.853  000.373  000.373: require('lazy.core.fragments')
025.270  000.261  000.261: require('astronvim.config')
025.281  000.653  000.392: require('astronvim')
025.526  000.227  000.227: require('vim.hl')
025.965  000.433  000.433: require('astronvim.notify')
028.728  000.409  000.409: require('vim.lsp.log')
030.380  001.645  001.645: require('vim.lsp.protocol')
031.631  001.236  001.236: require('vim.lsp.util')
032.085  000.158  000.158: require('vim.lsp.sync')
032.094  000.451  000.293: require('vim.lsp._changetracking')
032.434  000.158  000.158: require('vim.lsp._transport')
032.461  000.363  000.205: require('vim.lsp.rpc')
032.550  004.693  000.589: require('vim.lsp')
049.258  000.471  000.471: require('lazy.core.handler.event')
049.270  000.935  000.464: require('lazy.core.handler.ft')
049.608  000.331  000.331: require('lazy.core.handler.cmd')
049.867  000.247  000.247: require('lazy.core.handler.keys')
050.052  000.010  000.010: sourcing nvim_exec2() called at /Users/lalocornejo/.dotfiles/nvim/init.lua:0
050.086  000.003  000.003: sourcing nvim_exec2() called at /Users/lalocornejo/.dotfiles/nvim/init.lua:0
054.225  000.117  000.117: sourcing nvim_exec2() called at /usr/local/Cellar/neovim/0.11.3/share/nvim/runtime/filetype.lua:0
054.234  000.344  000.227: sourcing /usr/local/Cellar/neovim/0.11.3/share/nvim/runtime/filetype.lua
054.244  000.495  000.151: sourcing nvim_exec2() called at /Users/lalocornejo/.dotfiles/nvim/init.lua:0
057.285  001.120  001.120: require('vim.treesitter.language')
057.642  000.345  000.345: require('vim.func')
057.992  000.326  000.326: require('vim.func._memoize')
058.055  002.625  000.833: require('vim.treesitter.query')
058.076  003.720  001.095: require('nvim-treesitter.query_predicates')
059.382  000.012  000.012: sourcing nvim_exec2() called at /Users/lalocornejo/.dotfiles/nvim/init.lua:0
059.407  000.004  000.004: sourcing nvim_exec2() called at /Users/lalocornejo/.dotfiles/nvim/init.lua:0
061.525  000.469  000.469: require('astroui.status.config')
061.534  000.756  000.288: require('astroui.config')
061.539  001.453  000.697: require('astroui')
062.501  000.354  000.354: require('astroui.lazygit')
077.062  000.274  000.274: require('astrocore.config')
077.079  000.829  000.555: require('astrocore')
221.878  000.013  000.013: sourcing nvim_exec2() called at /Users/lalocornejo/.dotfiles/nvim/init.lua:0
221.910  000.004  000.004: sourcing nvim_exec2() called at /Users/lalocornejo/.dotfiles/nvim/init.lua:0
222.980  000.012  000.012: require('vim.F')
223.059  000.982  000.970: require('vim.diagnostic')
224.952  000.390  000.390: require('astrocore.buffer')
265.755  000.383  000.383: require('astroui.folding')
271.583  002.389  002.389: require('vim.filetype')
273.925  000.009  000.009: sourcing nvim_exec2() called at ColorSchemePre Autocommands for "*":0
273.945  000.003  000.003: sourcing nvim_exec2() called at ColorSchemePre Autocommands for "*":0
275.378  000.321  000.321: require('astrotheme.lib.util')
275.385  001.113  000.792: require('astrotheme')
275.638  000.250  000.250: require('astrotheme.lib.config')
277.138  000.531  000.531: require('astrotheme.lib.color')
277.236  000.968  000.437: require('astrotheme.palettes.astrodark')
277.776  000.512  000.512: require('astrotheme.groups.base')
278.476  000.363  000.363: require('astrotheme.groups.syntax')
278.915  000.327  000.327: require('astrotheme.groups.lsp')
279.515  000.460  000.460: require('astrotheme.groups.treesitter')
280.211  000.401  000.401: require('astrotheme.groups.astronvim')
280.755  000.413  000.413: require('astrotheme.groups.plugins')
281.138  000.321  000.321: require('astrotheme.groups.plugins.vim-illuminate')
281.493  000.219  000.219: require('astrotheme.groups.plugins.aerial')
281.855  000.238  000.238: require('astrotheme.groups.plugins.snacks')
282.127  000.186  000.186: require('astrotheme.groups.plugins.mason')
282.446  000.222  000.222: require('astrotheme.groups.plugins.todo-comments')
282.751  000.185  000.185: require('astrotheme.groups.plugins.which-key')
283.008  000.159  000.159: require('astrotheme.groups.plugins.gitsigns')
283.242  000.158  000.158: require('astrotheme.groups.plugins.dashboard-nvim')
283.544  000.218  000.218: require('astrotheme.groups.plugins.telescope')
283.919  000.265  000.265: require('astrotheme.groups.plugins.nvim-window-picker')
284.383  000.295  000.295: require('astrotheme.groups.plugins.neo-tree')
284.808  000.249  000.249: require('astrotheme.groups.plugins.blink-cmp')
285.357  000.349  000.349: require('astrotheme.groups.plugins.lazy')
285.853  000.267  000.267: require('astrotheme.groups.plugins.miniicons')
286.413  000.343  000.343: require('astrotheme.groups.plugins.nvim-dap-ui')
289.262  013.371  006.253: sourcing /Users/lalocornejo/.local/share/nvim/lazy/astrotheme/colors/astrodark.lua
300.795  242.617  221.059: require('astrocore')
301.275  000.011  000.011: sourcing nvim_exec2() called at /Users/lalocornejo/.dotfiles/nvim/init.lua:0
301.313  000.004  000.004: sourcing nvim_exec2() called at /Users/lalocornejo/.dotfiles/nvim/init.lua:0
303.960  001.415  001.415: require('snacks')
303.970  001.698  000.284: sourcing /Users/lalocornejo/.local/share/nvim/lazy/snacks.nvim/plugin/snacks.lua
303.983  001.823  000.124: sourcing nvim_exec2() called at /Users/lalocornejo/.dotfiles/nvim/init.lua:0
304.009  000.009  000.009: sourcing nvim_exec2() called at /Users/lalocornejo/.dotfiles/nvim/init.lua:0
304.100  000.004  000.004: sourcing nvim_exec2() called at /Users/lalocornejo/.dotfiles/nvim/init.lua:0
305.202  000.461  000.461: sourcing /Users/lalocornejo/.local/share/nvim/lazy/telescope.nvim/plugin/telescope.lua
305.220  000.593  000.132: sourcing nvim_exec2() called at /Users/lalocornejo/.dotfiles/nvim/init.lua:0
305.241  000.007  000.007: sourcing nvim_exec2() called at /Users/lalocornejo/.dotfiles/nvim/init.lua:0
305.271  000.004  000.004: sourcing nvim_exec2() called at /Users/lalocornejo/.dotfiles/nvim/init.lua:0
306.443  000.012  000.012: sourcing nvim_exec2() called at /Users/lalocornejo/.dotfiles/nvim/init.lua:0
306.469  000.004  000.004: sourcing nvim_exec2() called at /Users/lalocornejo/.dotfiles/nvim/init.lua:0
312.064  001.301  001.301: require('lualine_require')
313.482  006.765  005.464: require('lualine')
313.807  000.031  000.031: sourcing nvim_exec2() called at /Users/lalocornejo/.dotfiles/nvim/init.lua:0
318.382  002.154  002.154: require('lualine.highlight')
319.397  000.024  000.024: sourcing nvim_exec2() called at /Users/lalocornejo/.dotfiles/nvim/init.lua:0
319.429  000.006  000.006: sourcing nvim_exec2() called at /Users/lalocornejo/.dotfiles/nvim/init.lua:0
319.448  000.006  000.006: sourcing nvim_exec2() called at /Users/lalocornejo/.dotfiles/nvim/init.lua:0
319.468  000.007  000.007: sourcing nvim_exec2() called at /Users/lalocornejo/.dotfiles/nvim/init.lua:0
319.486  000.005  000.005: sourcing nvim_exec2() called at /Users/lalocornejo/.dotfiles/nvim/init.lua:0
319.503  000.005  000.005: sourcing nvim_exec2() called at /Users/lalocornejo/.dotfiles/nvim/init.lua:0
319.520  000.006  000.006: sourcing nvim_exec2() called at /Users/lalocornejo/.dotfiles/nvim/init.lua:0
319.726  000.007  000.007: sourcing nvim_exec2() called at /Users/lalocornejo/.dotfiles/nvim/init.lua:0
319.757  000.006  000.006: sourcing nvim_exec2() called at /Users/lalocornejo/.dotfiles/nvim/init.lua:0
319.828  000.007  000.007: sourcing nvim_exec2() called at /Users/lalocornejo/.dotfiles/nvim/init.lua:0
319.853  000.006  000.006: sourcing nvim_exec2() called at /Users/lalocornejo/.dotfiles/nvim/init.lua:0
319.868  000.005  000.005: sourcing nvim_exec2() called at /Users/lalocornejo/.dotfiles/nvim/init.lua:0
319.887  000.006  000.006: sourcing nvim_exec2() called at /Users/lalocornejo/.dotfiles/nvim/init.lua:0
319.903  000.005  000.005: sourcing nvim_exec2() called at /Users/lalocornejo/.dotfiles/nvim/init.lua:0
319.917  000.005  000.005: sourcing nvim_exec2() called at /Users/lalocornejo/.dotfiles/nvim/init.lua:0
319.934  000.006  000.006: sourcing nvim_exec2() called at /Users/lalocornejo/.dotfiles/nvim/init.lua:0
319.949  000.005  000.005: sourcing nvim_exec2() called at /Users/lalocornejo/.dotfiles/nvim/init.lua:0
319.965  000.005  000.005: sourcing nvim_exec2() called at /Users/lalocornejo/.dotfiles/nvim/init.lua:0
319.982  000.006  000.006: sourcing nvim_exec2() called at /Users/lalocornejo/.dotfiles/nvim/init.lua:0
319.997  000.005  000.005: sourcing nvim_exec2() called at /Users/lalocornejo/.dotfiles/nvim/init.lua:0
320.011  000.005  000.005: sourcing nvim_exec2() called at /Users/lalocornejo/.dotfiles/nvim/init.lua:0
320.308  000.009  000.009: sourcing nvim_exec2() called at /Users/lalocornejo/.dotfiles/nvim/init.lua:0
320.341  000.023  000.023: sourcing nvim_exec2() called at /Users/lalocornejo/.dotfiles/nvim/init.lua:0
324.429  000.613  000.613: require('snacks.util')
324.482  000.017  000.017: sourcing nvim_exec2() called at /Users/lalocornejo/.dotfiles/nvim/init.lua:0
324.515  000.007  000.007: sourcing nvim_exec2() called at /Users/lalocornejo/.dotfiles/nvim/init.lua:0
324.538  000.006  000.006: sourcing nvim_exec2() called at /Users/lalocornejo/.dotfiles/nvim/init.lua:0
324.607  000.008  000.008: sourcing nvim_exec2() called at /Users/lalocornejo/.dotfiles/nvim/init.lua:0
324.631  000.006  000.006: sourcing nvim_exec2() called at /Users/lalocornejo/.dotfiles/nvim/init.lua:0
324.657  000.006  000.006: sourcing nvim_exec2() called at /Users/lalocornejo/.dotfiles/nvim/init.lua:0
324.676  000.005  000.005: sourcing nvim_exec2() called at /Users/lalocornejo/.dotfiles/nvim/init.lua:0
324.763  000.007  000.007: sourcing nvim_exec2() called at /Users/lalocornejo/.dotfiles/nvim/init.lua:0
324.784  000.005  000.005: sourcing nvim_exec2() called at /Users/lalocornejo/.dotfiles/nvim/init.lua:0
324.802  000.005  000.005: sourcing nvim_exec2() called at /Users/lalocornejo/.dotfiles/nvim/init.lua:0
324.819  000.005  000.005: sourcing nvim_exec2() called at /Users/lalocornejo/.dotfiles/nvim/init.lua:0
324.837  000.005  000.005: sourcing nvim_exec2() called at /Users/lalocornejo/.dotfiles/nvim/init.lua:0
324.855  000.005  000.005: sourcing nvim_exec2() called at /Users/lalocornejo/.dotfiles/nvim/init.lua:0
324.874  000.005  000.005: sourcing nvim_exec2() called at /Users/lalocornejo/.dotfiles/nvim/init.lua:0
326.496  001.316  001.316: require('lualine.utils.mode')
327.882  000.030  000.030: sourcing nvim_exec2() called at /Users/lalocornejo/.dotfiles/nvim/init.lua:0
327.911  000.014  000.014: sourcing nvim_exec2() called at /Users/lalocornejo/.dotfiles/nvim/init.lua:0
329.007  000.017  000.017: sourcing nvim_exec2() called at /Users/lalocornejo/.dotfiles/nvim/init.lua:0
329.036  000.007  000.007: sourcing nvim_exec2() called at /Users/lalocornejo/.dotfiles/nvim/init.lua:0
329.056  000.006  000.006: sourcing nvim_exec2() called at /Users/lalocornejo/.dotfiles/nvim/init.lua:0
329.076  000.006  000.006: sourcing nvim_exec2() called at /Users/lalocornejo/.dotfiles/nvim/init.lua:0
329.173  000.007  000.007: sourcing nvim_exec2() called at /Users/lalocornejo/.dotfiles/nvim/init.lua:0
329.192  000.005  000.005: sourcing nvim_exec2() called at /Users/lalocornejo/.dotfiles/nvim/init.lua:0
329.209  000.005  000.005: sourcing nvim_exec2() called at /Users/lalocornejo/.dotfiles/nvim/init.lua:0
329.231  000.006  000.006: sourcing nvim_exec2() called at /Users/lalocornejo/.dotfiles/nvim/init.lua:0
329.248  000.005  000.005: sourcing nvim_exec2() called at /Users/lalocornejo/.dotfiles/nvim/init.lua:0
329.329  000.006  000.006: sourcing nvim_exec2() called at /Users/lalocornejo/.dotfiles/nvim/init.lua:0
329.346  000.005  000.005: sourcing nvim_exec2() called at /Users/lalocornejo/.dotfiles/nvim/init.lua:0
329.362  000.005  000.005: sourcing nvim_exec2() called at /Users/lalocornejo/.dotfiles/nvim/init.lua:0
329.377  000.006  000.006: sourcing nvim_exec2() called at /Users/lalocornejo/.dotfiles/nvim/init.lua:0
329.394  000.006  000.006: sourcing nvim_exec2() called at /Users/lalocornejo/.dotfiles/nvim/init.lua:0
329.417  000.006  000.006: sourcing nvim_exec2() called at /Users/lalocornejo/.dotfiles/nvim/init.lua:0
329.434  000.005  000.005: sourcing nvim_exec2() called at /Users/lalocornejo/.dotfiles/nvim/init.lua:0
329.459  000.006  000.006: sourcing nvim_exec2() called at /Users/lalocornejo/.dotfiles/nvim/init.lua:0
329.477  000.006  000.006: sourcing nvim_exec2() called at /Users/lalocornejo/.dotfiles/nvim/init.lua:0
329.529  000.013  000.013: sourcing nvim_exec2() called at /Users/lalocornejo/.dotfiles/nvim/init.lua:0
329.557  000.007  000.007: sourcing nvim_exec2() called at /Users/lalocornejo/.dotfiles/nvim/init.lua:0
329.577  000.005  000.005: sourcing nvim_exec2() called at /Users/lalocornejo/.dotfiles/nvim/init.lua:0
330.249  000.029  000.029: sourcing nvim_exec2() called at /Users/lalocornejo/.dotfiles/nvim/init.lua:0
330.272  000.008  000.008: sourcing nvim_exec2() called at /Users/lalocornejo/.dotfiles/nvim/init.lua:0
330.288  000.008  000.008: sourcing nvim_exec2() called at /Users/lalocornejo/.dotfiles/nvim/init.lua:0
330.307  000.011  000.011: sourcing nvim_exec2() called at /Users/lalocornejo/.dotfiles/nvim/init.lua:0
332.382  000.019  000.019: sourcing nvim_exec2() called at /Users/lalocornejo/.dotfiles/nvim/init.lua:0
332.423  000.008  000.008: sourcing nvim_exec2() called at /Users/lalocornejo/.dotfiles/nvim/init.lua:0
332.446  000.007  000.007: sourcing nvim_exec2() called at /Users/lalocornejo/.dotfiles/nvim/init.lua:0
332.462  000.004  000.004: sourcing nvim_exec2() called at /Users/lalocornejo/.dotfiles/nvim/init.lua:0
332.473  000.003  000.003: sourcing nvim_exec2() called at /Users/lalocornejo/.dotfiles/nvim/init.lua:0
332.483  000.003  000.003: sourcing nvim_exec2() called at /Users/lalocornejo/.dotfiles/nvim/init.lua:0
332.492  000.003  000.003: sourcing nvim_exec2() called at /Users/lalocornejo/.dotfiles/nvim/init.lua:0
332.507  000.004  000.004: sourcing nvim_exec2() called at /Users/lalocornejo/.dotfiles/nvim/init.lua:0
332.517  000.003  000.003: sourcing nvim_exec2() called at /Users/lalocornejo/.dotfiles/nvim/init.lua:0
332.652  000.006  000.006: sourcing nvim_exec2() called at /Users/lalocornejo/.dotfiles/nvim/init.lua:0
332.690  000.005  000.005: sourcing nvim_exec2() called at /Users/lalocornejo/.dotfiles/nvim/init.lua:0
332.710  000.004  000.004: sourcing nvim_exec2() called at /Users/lalocornejo/.dotfiles/nvim/init.lua:0
332.776  000.004  000.004: sourcing nvim_exec2() called at /Users/lalocornejo/.dotfiles/nvim/init.lua:0
332.787  000.003  000.003: sourcing nvim_exec2() called at /Users/lalocornejo/.dotfiles/nvim/init.lua:0
332.801  000.003  000.003: sourcing nvim_exec2() called at /Users/lalocornejo/.dotfiles/nvim/init.lua:0
332.810  000.003  000.003: sourcing nvim_exec2() called at /Users/lalocornejo/.dotfiles/nvim/init.lua:0
332.819  000.003  000.003: sourcing nvim_exec2() called at /Users/lalocornejo/.dotfiles/nvim/init.lua:0
332.827  000.003  000.003: sourcing nvim_exec2() called at /Users/lalocornejo/.dotfiles/nvim/init.lua:0
332.836  000.003  000.003: sourcing nvim_exec2() called at /Users/lalocornejo/.dotfiles/nvim/init.lua:0
332.844  000.003  000.003: sourcing nvim_exec2() called at /Users/lalocornejo/.dotfiles/nvim/init.lua:0
332.852  000.003  000.003: sourcing nvim_exec2() called at /Users/lalocornejo/.dotfiles/nvim/init.lua:0
332.863  000.003  000.003: sourcing nvim_exec2() called at /Users/lalocornejo/.dotfiles/nvim/init.lua:0
332.871  000.003  000.003: sourcing nvim_exec2() called at /Users/lalocornejo/.dotfiles/nvim/init.lua:0
332.880  000.003  000.003: sourcing nvim_exec2() called at /Users/lalocornejo/.dotfiles/nvim/init.lua:0
332.888  000.003  000.003: sourcing nvim_exec2() called at /Users/lalocornejo/.dotfiles/nvim/init.lua:0
332.939  000.004  000.004: sourcing nvim_exec2() called at /Users/lalocornejo/.dotfiles/nvim/init.lua:0
332.950  000.003  000.003: sourcing nvim_exec2() called at /Users/lalocornejo/.dotfiles/nvim/init.lua:0
332.959  000.003  000.003: sourcing nvim_exec2() called at /Users/lalocornejo/.dotfiles/nvim/init.lua:0
334.813  000.212  000.212: sourcing /usr/local/Cellar/neovim/0.11.3/share/nvim/runtime/plugin/editorconfig.lua
334.827  000.379  000.167: sourcing nvim_exec2() called at /Users/lalocornejo/.dotfiles/nvim/init.lua:0
335.123  000.152  000.152: sourcing /usr/local/Cellar/neovim/0.11.3/share/nvim/runtime/plugin/man.lua
335.134  000.286  000.134: sourcing nvim_exec2() called at /Users/lalocornejo/.dotfiles/nvim/init.lua:0
337.012  000.392  000.392: sourcing /usr/local/Cellar/neovim/0.11.3/share/nvim/runtime/pack/dist/opt/matchit/plugin/matchit.vim
337.067  001.802  001.409: sourcing /usr/local/Cellar/neovim/0.11.3/share/nvim/runtime/plugin/matchit.vim
337.077  001.929  000.127: sourcing nvim_exec2() called at /Users/lalocornejo/.dotfiles/nvim/init.lua:0
337.533  000.302  000.302: sourcing /usr/local/Cellar/neovim/0.11.3/share/nvim/runtime/plugin/matchparen.vim
337.544  000.443  000.140: sourcing nvim_exec2() called at /Users/lalocornejo/.dotfiles/nvim/init.lua:0
337.943  000.259  000.259: sourcing /usr/local/Cellar/neovim/0.11.3/share/nvim/runtime/plugin/osc52.lua
337.955  000.391  000.132: sourcing nvim_exec2() called at /Users/lalocornejo/.dotfiles/nvim/init.lua:0
338.428  000.330  000.330: sourcing /usr/local/Cellar/neovim/0.11.3/share/nvim/runtime/plugin/rplugin.vim
338.438  000.462  000.131: sourcing nvim_exec2() called at /Users/lalocornejo/.dotfiles/nvim/init.lua:0
338.707  000.138  000.138: sourcing /usr/local/Cellar/neovim/0.11.3/share/nvim/runtime/plugin/shada.vim
338.716  000.262  000.125: sourcing nvim_exec2() called at /Users/lalocornejo/.dotfiles/nvim/init.lua:0
338.894  000.041  000.041: sourcing /usr/local/Cellar/neovim/0.11.3/share/nvim/runtime/plugin/spellfile.vim
338.904  000.173  000.132: sourcing nvim_exec2() called at /Users/lalocornejo/.dotfiles/nvim/init.lua:0
339.099  000.048  000.048: sourcing /usr/local/Cellar/neovim/0.11.3/share/nvim/runtime/plugin/tutor.vim
339.108  000.189  000.141: sourcing nvim_exec2() called at /Users/lalocornejo/.dotfiles/nvim/init.lua:0
339.341  326.256  045.556: require('lazy_setup')
339.764  000.418  000.418: require('polish')
344.091  001.612  001.612: sourcing /usr/local/Cellar/neovim/0.11.3/share/nvim/runtime/colors/vim.lua
344.756  002.453  000.840: sourcing /usr/local/Cellar/neovim/0.11.3/share/nvim/runtime/colors/wildcharm.vim
356.164  000.025  000.025: sourcing nvim_exec2() called at ColorScheme Autocommands for "*":0
358.567  000.012  000.012: sourcing nvim_exec2() called at ColorScheme Autocommands for "*":0
358.578  000.003  000.003: sourcing nvim_exec2() called at ColorScheme Autocommands for "*":0
358.583  000.002  000.002: sourcing nvim_exec2() called at ColorScheme Autocommands for "*":0
358.588  000.002  000.002: sourcing nvim_exec2() called at ColorScheme Autocommands for "*":0
358.593  000.002  000.002: sourcing nvim_exec2() called at ColorScheme Autocommands for "*":0
358.597  000.002  000.002: sourcing nvim_exec2() called at ColorScheme Autocommands for "*":0
358.601  000.002  000.002: sourcing nvim_exec2() called at ColorScheme Autocommands for "*":0
358.605  000.001  000.001: sourcing nvim_exec2() called at ColorScheme Autocommands for "*":0
358.610  000.002  000.002: sourcing nvim_exec2() called at ColorScheme Autocommands for "*":0
358.615  000.002  000.002: sourcing nvim_exec2() called at ColorScheme Autocommands for "*":0
358.620  000.002  000.002: sourcing nvim_exec2() called at ColorScheme Autocommands for "*":0
358.624  000.001  000.001: sourcing nvim_exec2() called at ColorScheme Autocommands for "*":0
358.628  000.002  000.002: sourcing nvim_exec2() called at ColorScheme Autocommands for "*":0
358.633  000.002  000.002: sourcing nvim_exec2() called at ColorScheme Autocommands for "*":0
358.637  000.002  000.002: sourcing nvim_exec2() called at ColorScheme Autocommands for "*":0
358.641  000.002  000.002: sourcing nvim_exec2() called at ColorScheme Autocommands for "*":0
358.646  000.002  000.002: sourcing nvim_exec2() called at ColorScheme Autocommands for "*":0
358.652  000.002  000.002: sourcing nvim_exec2() called at ColorScheme Autocommands for "*":0
358.657  000.002  000.002: sourcing nvim_exec2() called at ColorScheme Autocommands for "*":0
358.662  000.002  000.002: sourcing nvim_exec2() called at ColorScheme Autocommands for "*":0
358.666  000.002  000.002: sourcing nvim_exec2() called at ColorScheme Autocommands for "*":0
358.671  000.002  000.002: sourcing nvim_exec2() called at ColorScheme Autocommands for "*":0
358.676  000.002  000.002: sourcing nvim_exec2() called at ColorScheme Autocommands for "*":0
358.681  000.002  000.002: sourcing nvim_exec2() called at ColorScheme Autocommands for "*":0
358.686  000.002  000.002: sourcing nvim_exec2() called at ColorScheme Autocommands for "*":0
358.690  000.002  000.002: sourcing nvim_exec2() called at ColorScheme Autocommands for "*":0
358.695  000.002  000.002: sourcing nvim_exec2() called at ColorScheme Autocommands for "*":0
358.699  000.002  000.002: sourcing nvim_exec2() called at ColorScheme Autocommands for "*":0
358.704  000.002  000.002: sourcing nvim_exec2() called at ColorScheme Autocommands for "*":0
358.708  000.002  000.002: sourcing nvim_exec2() called at ColorScheme Autocommands for "*":0
358.713  000.002  000.002: sourcing nvim_exec2() called at ColorScheme Autocommands for "*":0
358.717  000.002  000.002: sourcing nvim_exec2() called at ColorScheme Autocommands for "*":0
358.722  000.002  000.002: sourcing nvim_exec2() called at ColorScheme Autocommands for "*":0
358.726  000.002  000.002: sourcing nvim_exec2() called at ColorScheme Autocommands for "*":0
358.730  000.002  000.002: sourcing nvim_exec2() called at ColorScheme Autocommands for "*":0
358.735  000.002  000.002: sourcing nvim_exec2() called at ColorScheme Autocommands for "*":0
358.739  000.002  000.002: sourcing nvim_exec2() called at ColorScheme Autocommands for "*":0
358.744  000.002  000.002: sourcing nvim_exec2() called at ColorScheme Autocommands for "*":0
358.748  000.002  000.002: sourcing nvim_exec2() called at ColorScheme Autocommands for "*":0
358.752  000.002  000.002: sourcing nvim_exec2() called at ColorScheme Autocommands for "*":0
358.831  000.005  000.005: sourcing nvim_exec2() called at ColorScheme Autocommands for "*":0
358.840  000.003  000.003: sourcing nvim_exec2() called at ColorScheme Autocommands for "*":0
358.848  000.003  000.003: sourcing nvim_exec2() called at ColorScheme Autocommands for "*":0
358.855  000.003  000.003: sourcing nvim_exec2() called at ColorScheme Autocommands for "*":0
358.864  000.003  000.003: sourcing nvim_exec2() called at ColorScheme Autocommands for "*":0
358.871  000.003  000.003: sourcing nvim_exec2() called at ColorScheme Autocommands for "*":0
358.879  000.003  000.003: sourcing nvim_exec2() called at ColorScheme Autocommands for "*":0
358.887  000.003  000.003: sourcing nvim_exec2() called at ColorScheme Autocommands for "*":0
358.895  000.003  000.003: sourcing nvim_exec2() called at ColorScheme Autocommands for "*":0
358.902  000.003  000.003: sourcing nvim_exec2() called at ColorScheme Autocommands for "*":0
358.910  000.003  000.003: sourcing nvim_exec2() called at ColorScheme Autocommands for "*":0
358.918  000.003  000.003: sourcing nvim_exec2() called at ColorScheme Autocommands for "*":0
358.926  000.003  000.003: sourcing nvim_exec2() called at ColorScheme Autocommands for "*":0
358.934  000.003  000.003: sourcing nvim_exec2() called at ColorScheme Autocommands for "*":0
358.941  000.003  000.003: sourcing nvim_exec2() called at ColorScheme Autocommands for "*":0
358.982  000.004  000.004: sourcing nvim_exec2() called at ColorScheme Autocommands for "*":0
358.997  000.004  000.004: sourcing nvim_exec2() called at ColorScheme Autocommands for "*":0
359.006  000.003  000.003: sourcing nvim_exec2() called at ColorScheme Autocommands for "*":0
359.014  000.003  000.003: sourcing nvim_exec2() called at ColorScheme Autocommands for "*":0
359.022  000.003  000.003: sourcing nvim_exec2() called at ColorScheme Autocommands for "*":0
359.029  000.003  000.003: sourcing nvim_exec2() called at ColorScheme Autocommands for "*":0
359.037  000.003  000.003: sourcing nvim_exec2() called at ColorScheme Autocommands for "*":0
359.045  000.003  000.003: sourcing nvim_exec2() called at ColorScheme Autocommands for "*":0
359.053  000.003  000.003: sourcing nvim_exec2() called at ColorScheme Autocommands for "*":0
359.061  000.003  000.003: sourcing nvim_exec2() called at ColorScheme Autocommands for "*":0
359.068  000.003  000.003: sourcing nvim_exec2() called at ColorScheme Autocommands for "*":0
359.076  000.003  000.003: sourcing nvim_exec2() called at ColorScheme Autocommands for "*":0
359.084  000.003  000.003: sourcing nvim_exec2() called at ColorScheme Autocommands for "*":0
359.092  000.003  000.003: sourcing nvim_exec2() called at ColorScheme Autocommands for "*":0
359.099  000.003  000.003: sourcing nvim_exec2() called at ColorScheme Autocommands for "*":0
359.107  000.003  000.003: sourcing nvim_exec2() called at ColorScheme Autocommands for "*":0
359.114  000.003  000.003: sourcing nvim_exec2() called at ColorScheme Autocommands for "*":0
359.122  000.003  000.003: sourcing nvim_exec2() called at ColorScheme Autocommands for "*":0
359.129  000.003  000.003: sourcing nvim_exec2() called at ColorScheme Autocommands for "*":0
359.136  000.003  000.003: sourcing nvim_exec2() called at ColorScheme Autocommands for "*":0
359.144  000.003  000.003: sourcing nvim_exec2() called at ColorScheme Autocommands for "*":0
359.150  000.003  000.003: sourcing nvim_exec2() called at ColorScheme Autocommands for "*":0
359.158  000.003  000.003: sourcing nvim_exec2() called at ColorScheme Autocommands for "*":0
359.166  000.003  000.003: sourcing nvim_exec2() called at ColorScheme Autocommands for "*":0
359.174  000.003  000.003: sourcing nvim_exec2() called at ColorScheme Autocommands for "*":0
359.182  000.003  000.003: sourcing nvim_exec2() called at ColorScheme Autocommands for "*":0
359.189  000.003  000.003: sourcing nvim_exec2() called at ColorScheme Autocommands for "*":0
359.197  000.003  000.003: sourcing nvim_exec2() called at ColorScheme Autocommands for "*":0
359.204  000.003  000.003: sourcing nvim_exec2() called at ColorScheme Autocommands for "*":0
359.211  000.003  000.003: sourcing nvim_exec2() called at ColorScheme Autocommands for "*":0
359.218  000.003  000.003: sourcing nvim_exec2() called at ColorScheme Autocommands for "*":0
359.225  000.002  000.002: sourcing nvim_exec2() called at ColorScheme Autocommands for "*":0
359.231  000.003  000.003: sourcing nvim_exec2() called at ColorScheme Autocommands for "*":0
359.238  000.003  000.003: sourcing nvim_exec2() called at ColorScheme Autocommands for "*":0
359.246  000.003  000.003: sourcing nvim_exec2() called at ColorScheme Autocommands for "*":0
359.253  000.002  000.002: sourcing nvim_exec2() called at ColorScheme Autocommands for "*":0
359.260  000.003  000.003: sourcing nvim_exec2() called at ColorScheme Autocommands for "*":0
359.297  000.008  000.008: sourcing nvim_exec2() called at ColorScheme Autocommands for "*":0
359.321  000.005  000.005: sourcing nvim_exec2() called at ColorScheme Autocommands for "*":0
359.337  000.005  000.005: sourcing nvim_exec2() called at ColorScheme Autocommands for "*":0
359.354  000.006  000.006: sourcing nvim_exec2() called at ColorScheme Autocommands for "*":0
359.369  000.004  000.004: sourcing nvim_exec2() called at ColorScheme Autocommands for "*":0
359.384  000.005  000.005: sourcing nvim_exec2() called at ColorScheme Autocommands for "*":0
359.399  000.005  000.005: sourcing nvim_exec2() called at ColorScheme Autocommands for "*":0
359.414  000.004  000.004: sourcing nvim_exec2() called at ColorScheme Autocommands for "*":0
359.428  000.004  000.004: sourcing nvim_exec2() called at ColorScheme Autocommands for "*":0
359.443  000.005  000.005: sourcing nvim_exec2() called at ColorScheme Autocommands for "*":0
359.457  000.004  000.004: sourcing nvim_exec2() called at ColorScheme Autocommands for "*":0
359.470  000.004  000.004: sourcing nvim_exec2() called at ColorScheme Autocommands for "*":0
359.484  000.005  000.005: sourcing nvim_exec2() called at ColorScheme Autocommands for "*":0
359.498  000.004  000.004: sourcing nvim_exec2() called at ColorScheme Autocommands for "*":0
359.512  000.004  000.004: sourcing nvim_exec2() called at ColorScheme Autocommands for "*":0
359.526  000.005  000.005: sourcing nvim_exec2() called at ColorScheme Autocommands for "*":0
359.540  000.004  000.004: sourcing nvim_exec2() called at ColorScheme Autocommands for "*":0
359.555  000.004  000.004: sourcing nvim_exec2() called at ColorScheme Autocommands for "*":0
359.570  000.005  000.005: sourcing nvim_exec2() called at ColorScheme Autocommands for "*":0
359.584  000.004  000.004: sourcing nvim_exec2() called at ColorScheme Autocommands for "*":0
359.598  000.004  000.004: sourcing nvim_exec2() called at ColorScheme Autocommands for "*":0
359.612  000.005  000.005: sourcing nvim_exec2() called at ColorScheme Autocommands for "*":0
359.640  000.022  000.022: sourcing nvim_exec2() called at ColorScheme Autocommands for "*":0
359.726  000.006  000.006: sourcing nvim_exec2() called at ColorScheme Autocommands for "*":0
359.745  000.004  000.004: sourcing nvim_exec2() called at ColorScheme Autocommands for "*":0
359.763  000.004  000.004: sourcing nvim_exec2() called at ColorScheme Autocommands for "*":0
359.811  000.006  000.006: sourcing nvim_exec2() called at ColorScheme Autocommands for "*":0
359.890  000.005  000.005: sourcing nvim_exec2() called at ColorScheme Autocommands for "*":0
359.906  000.003  000.003: sourcing nvim_exec2() called at ColorScheme Autocommands for "*":0
359.917  000.003  000.003: sourcing nvim_exec2() called at ColorScheme Autocommands for "*":0
359.942  000.003  000.003: sourcing nvim_exec2() called at ColorScheme Autocommands for "*":0
359.953  000.003  000.003: sourcing nvim_exec2() called at ColorScheme Autocommands for "*":0
359.963  000.003  000.003: sourcing nvim_exec2() called at ColorScheme Autocommands for "*":0
359.972  000.002  000.002: sourcing nvim_exec2() called at ColorScheme Autocommands for "*":0
359.981  000.002  000.002: sourcing nvim_exec2() called at ColorScheme Autocommands for "*":0
359.991  000.003  000.003: sourcing nvim_exec2() called at ColorScheme Autocommands for "*":0
360.047  000.004  000.004: sourcing nvim_exec2() called at ColorScheme Autocommands for "*":0
360.195  000.010  000.010: sourcing nvim_exec2() called at ColorScheme Autocommands for "*":0
360.208  000.007  000.007: sourcing nvim_exec2() called at ColorScheme Autocommands for "*":0
360.379  000.007  000.007: sourcing nvim_exec2() called at ColorScheme Autocommands for "*":0
360.391  000.003  000.003: sourcing nvim_exec2() called at ColorScheme Autocommands for "*":0
360.400  000.003  000.003: sourcing nvim_exec2() called at ColorScheme Autocommands for "*":0
360.409  000.003  000.003: sourcing nvim_exec2() called at ColorScheme Autocommands for "*":0
360.418  000.003  000.003: sourcing nvim_exec2() called at ColorScheme Autocommands for "*":0
360.426  000.002  000.002: sourcing nvim_exec2() called at ColorScheme Autocommands for "*":0
360.434  000.003  000.003: sourcing nvim_exec2() called at ColorScheme Autocommands for "*":0
360.445  000.003  000.003: sourcing nvim_exec2() called at ColorScheme Autocommands for "*":0
360.453  000.002  000.002: sourcing nvim_exec2() called at ColorScheme Autocommands for "*":0
360.461  000.002  000.002: sourcing nvim_exec2() called at ColorScheme Autocommands for "*":0
360.469  000.002  000.002: sourcing nvim_exec2() called at ColorScheme Autocommands for "*":0
360.476  000.002  000.002: sourcing nvim_exec2() called at ColorScheme Autocommands for "*":0
360.484  000.003  000.003: sourcing nvim_exec2() called at ColorScheme Autocommands for "*":0
360.492  000.002  000.002: sourcing nvim_exec2() called at ColorScheme Autocommands for "*":0
360.519  000.004  000.004: sourcing nvim_exec2() called at ColorScheme Autocommands for "*":0
360.529  000.003  000.003: sourcing nvim_exec2() called at ColorScheme Autocommands for "*":0
360.537  000.002  000.002: sourcing nvim_exec2() called at ColorScheme Autocommands for "*":0
360.545  000.002  000.002: sourcing nvim_exec2() called at ColorScheme Autocommands for "*":0
360.552  000.002  000.002: sourcing nvim_exec2() called at ColorScheme Autocommands for "*":0
360.560  000.003  000.003: sourcing nvim_exec2() called at ColorScheme Autocommands for "*":0
360.568  000.003  000.003: sourcing nvim_exec2() called at ColorScheme Autocommands for "*":0
360.625  000.018  000.018: sourcing nvim_exec2() called at ColorScheme Autocommands for "*":0
360.636  000.003  000.003: sourcing nvim_exec2() called at ColorScheme Autocommands for "*":0
360.644  000.004  000.004: sourcing nvim_exec2() called at ColorScheme Autocommands for "*":0
360.653  000.005  000.005: sourcing nvim_exec2() called at ColorScheme Autocommands for "*":0
360.848  000.006  000.006: sourcing nvim_exec2() called at ColorScheme Autocommands for "*":0
360.862  000.003  000.003: sourcing nvim_exec2() called at ColorScheme Autocommands for "*":0
360.871  000.002  000.002: sourcing nvim_exec2() called at ColorScheme Autocommands for "*":0
360.879  000.003  000.003: sourcing nvim_exec2() called at ColorScheme Autocommands for "*":0
360.886  000.002  000.002: sourcing nvim_exec2() called at ColorScheme Autocommands for "*":0
360.894  000.002  000.002: sourcing nvim_exec2() called at ColorScheme Autocommands for "*":0
360.901  000.002  000.002: sourcing nvim_exec2() called at ColorScheme Autocommands for "*":0
360.912  000.003  000.003: sourcing nvim_exec2() called at ColorScheme Autocommands for "*":0
360.921  000.003  000.003: sourcing nvim_exec2() called at ColorScheme Autocommands for "*":0
360.929  000.002  000.002: sourcing nvim_exec2() called at ColorScheme Autocommands for "*":0
360.937  000.003  000.003: sourcing nvim_exec2() called at ColorScheme Autocommands for "*":0
360.945  000.003  000.003: sourcing nvim_exec2() called at ColorScheme Autocommands for "*":0
360.953  000.002  000.002: sourcing nvim_exec2() called at ColorScheme Autocommands for "*":0
360.960  000.002  000.002: sourcing nvim_exec2() called at ColorScheme Autocommands for "*":0
360.969  000.003  000.003: sourcing nvim_exec2() called at ColorScheme Autocommands for "*":0
360.976  000.002  000.002: sourcing nvim_exec2() called at ColorScheme Autocommands for "*":0
360.983  000.002  000.002: sourcing nvim_exec2() called at ColorScheme Autocommands for "*":0
360.990  000.002  000.002: sourcing nvim_exec2() called at ColorScheme Autocommands for "*":0
360.998  000.002  000.002: sourcing nvim_exec2() called at ColorScheme Autocommands for "*":0
361.005  000.003  000.003: sourcing nvim_exec2() called at ColorScheme Autocommands for "*":0
361.012  000.002  000.002: sourcing nvim_exec2() called at ColorScheme Autocommands for "*":0
361.022  000.003  000.003: sourcing nvim_exec2() called at ColorScheme Autocommands for "*":0
361.029  000.002  000.002: sourcing nvim_exec2() called at ColorScheme Autocommands for "*":0
361.036  000.002  000.002: sourcing nvim_exec2() called at ColorScheme Autocommands for "*":0
361.044  000.003  000.003: sourcing nvim_exec2() called at ColorScheme Autocommands for "*":0
361.051  000.003  000.003: sourcing nvim_exec2() called at ColorScheme Autocommands for "*":0
361.059  000.002  000.002: sourcing nvim_exec2() called at ColorScheme Autocommands for "*":0
361.066  000.003  000.003: sourcing nvim_exec2() called at ColorScheme Autocommands for "*":0
361.395  021.608  018.542: sourcing nvim_exec2() called at /Users/lalocornejo/.dotfiles/nvim/init.lua:0
361.400  349.868  000.390: sourcing /Users/lalocornejo/.config/nvim/init.lua
361.434  001.945: sourcing vimrc file(s)
361.922  000.278  000.278: sourcing /usr/local/Cellar/neovim/0.11.3/share/nvim/runtime/filetype.lua
362.352  000.108  000.108: sourcing /usr/local/Cellar/neovim/0.11.3/share/nvim/runtime/syntax/synload.vim
362.455  000.389  000.281: sourcing /usr/local/Cellar/neovim/0.11.3/share/nvim/runtime/syntax/syntax.vim
362.469  000.368: inits 3
364.631  002.162: reading ShaDa
368.038  002.038  002.038: require('vim.filetype.detect')
370.080  000.010  000.010: sourcing nvim_exec2() called at BufEnter Autocommands for "*":0
370.109  000.004  000.004: sourcing nvim_exec2() called at BufEnter Autocommands for "*":0
372.358  000.385  000.385: require('astroui.status.condition')
372.773  000.406  000.406: require('astroui.status.utils')
372.796  001.341  000.550: require('astroui.status.provider')
372.806  001.750  000.408: require('astroui.status.init')
372.816  002.206  000.456: require('astroui.status.component')
373.595  000.380  000.380: require('astroui.status.hl')
373.606  000.786  000.405: require('astroui.status.heirline')
373.611  003.317  000.326: require('astroui.status')
389.916  000.353  000.353: require('heirline.highlights')
390.409  000.475  000.475: require('heirline.utils')
390.934  000.373  000.373: require('astroui.ffi')
392.062  000.373  000.373: require('heirline.statusline')
392.078  000.684  000.311: require('heirline')
396.491  024.604: reading stdin
396.606  000.115: opening buffers
397.823  001.218: BufEnter autocommands
397.850  000.027: editing files in windows
398.059  000.209: --- NVIM STARTED ---

